0 info it worked if it ends with ok
1 verbose cli [ '/usr/local/bin/node', '/usr/local/bin/npm', 'install' ]
2 info using npm@2.15.1
3 info using node@v4.4.3
4 verbose readDependencies loading dependencies from /Users/kai/VisitorRegistor/package.json
5 warn package.json todomvc-flux@0.0.3 No license field.
6 verbose install where, deps [ '/Users/kai/VisitorRegistor',
6 verbose install   [ 'better-console',
6 verbose install     'classnames',
6 verbose install     'del',
6 verbose install     'extend',
6 verbose install     'flux',
6 verbose install     'express',
6 verbose install     'morgan',
6 verbose install     'request',
6 verbose install     'es6-promise',
6 verbose install     'superagent',
6 verbose install     'body-parser',
6 verbose install     'formsy-react',
6 verbose install     'gulp',
6 verbose install     'gulp-autoprefixer',
6 verbose install     'gulp-chmod',
6 verbose install     'gulp-clone',
6 verbose install     'gulp-concat',
6 verbose install     'gulp-concat-css',
6 verbose install     'gulp-copy',
6 verbose install     'gulp-dedupe',
6 verbose install     'gulp-flatten',
6 verbose install     'gulp-header',
6 verbose install     'gulp-help',
6 verbose install     'gulp-if',
6 verbose install     'gulp-less',
6 verbose install     'gulp-minify-css',
6 verbose install     'gulp-notify',
6 verbose install     'gulp-plumber',
6 verbose install     'gulp-print',
6 verbose install     'gulp-rename',
6 verbose install     'gulp-replace',
6 verbose install     'gulp-rtlcss',
6 verbose install     'gulp-uglify',
6 verbose install     'gulp-util',
6 verbose install     'gulp-watch',
6 verbose install     'keymirror',
6 verbose install     'map-stream',
6 verbose install     'object-assign',
6 verbose install     'react',
6 verbose install     'react-addons-linked-state-mixin',
6 verbose install     'react-textarea-autosize',
6 verbose install     'require-dot-file',
6 verbose install     'run-sequence',
6 verbose install     'semantic-ui',
6 verbose install     'mongoose',
6 verbose install     'yamljs',
6 verbose install     'browserify',
6 verbose install     'envify',
6 verbose install     'jest-cli',
6 verbose install     'reactify',
6 verbose install     'uglify-js',
6 verbose install     'watchify' ] ]
7 verbose install where, peers [ '/Users/kai/VisitorRegistor', [] ]
8 verbose installManyTop reading for lifecycle /Users/kai/VisitorRegistor/package.json
9 info preinstall todomvc-flux@0.0.3
10 verbose installManyTop reading scoped package data from /Users/kai/VisitorRegistor/node_modules/better-console/package.json
11 verbose installManyTop reading scoped package data from /Users/kai/VisitorRegistor/node_modules/body-parser/package.json
12 verbose installManyTop reading scoped package data from /Users/kai/VisitorRegistor/node_modules/browserify/package.json
13 verbose installManyTop reading scoped package data from /Users/kai/VisitorRegistor/node_modules/classnames/package.json
14 verbose installManyTop reading scoped package data from /Users/kai/VisitorRegistor/node_modules/del/package.json
15 verbose installManyTop reading scoped package data from /Users/kai/VisitorRegistor/node_modules/envify/package.json
16 verbose installManyTop reading scoped package data from /Users/kai/VisitorRegistor/node_modules/es6-promise/package.json
17 verbose installManyTop reading scoped package data from /Users/kai/VisitorRegistor/node_modules/express/package.json
18 verbose installManyTop reading scoped package data from /Users/kai/VisitorRegistor/node_modules/extend/package.json
19 verbose installManyTop reading scoped package data from /Users/kai/VisitorRegistor/node_modules/flux/package.json
20 verbose installManyTop reading scoped package data from /Users/kai/VisitorRegistor/node_modules/formsy-react/package.json
21 verbose installManyTop reading scoped package data from /Users/kai/VisitorRegistor/node_modules/gulp/package.json
22 verbose installManyTop reading scoped package data from /Users/kai/VisitorRegistor/node_modules/gulp-autoprefixer/package.json
23 verbose installManyTop reading scoped package data from /Users/kai/VisitorRegistor/node_modules/gulp-chmod/package.json
24 verbose installManyTop reading scoped package data from /Users/kai/VisitorRegistor/node_modules/gulp-clone/package.json
25 verbose installManyTop reading scoped package data from /Users/kai/VisitorRegistor/node_modules/gulp-concat/package.json
26 verbose installManyTop reading scoped package data from /Users/kai/VisitorRegistor/node_modules/gulp-concat-css/package.json
27 verbose installManyTop reading scoped package data from /Users/kai/VisitorRegistor/node_modules/gulp-copy/package.json
28 verbose installManyTop reading scoped package data from /Users/kai/VisitorRegistor/node_modules/gulp-dedupe/package.json
29 verbose installManyTop reading scoped package data from /Users/kai/VisitorRegistor/node_modules/gulp-flatten/package.json
30 verbose installManyTop reading scoped package data from /Users/kai/VisitorRegistor/node_modules/gulp-header/package.json
31 verbose installManyTop reading scoped package data from /Users/kai/VisitorRegistor/node_modules/gulp-help/package.json
32 verbose installManyTop reading scoped package data from /Users/kai/VisitorRegistor/node_modules/gulp-if/package.json
33 verbose installManyTop reading scoped package data from /Users/kai/VisitorRegistor/node_modules/gulp-less/package.json
34 verbose installManyTop reading scoped package data from /Users/kai/VisitorRegistor/node_modules/gulp-minify-css/package.json
35 verbose installManyTop reading scoped package data from /Users/kai/VisitorRegistor/node_modules/gulp-notify/package.json
36 verbose installManyTop reading scoped package data from /Users/kai/VisitorRegistor/node_modules/gulp-plumber/package.json
37 verbose installManyTop reading scoped package data from /Users/kai/VisitorRegistor/node_modules/gulp-print/package.json
38 verbose installManyTop reading scoped package data from /Users/kai/VisitorRegistor/node_modules/gulp-rename/package.json
39 verbose installManyTop reading scoped package data from /Users/kai/VisitorRegistor/node_modules/gulp-replace/package.json
40 verbose installManyTop reading scoped package data from /Users/kai/VisitorRegistor/node_modules/gulp-rtlcss/package.json
41 verbose installManyTop reading scoped package data from /Users/kai/VisitorRegistor/node_modules/gulp-uglify/package.json
42 verbose installManyTop reading scoped package data from /Users/kai/VisitorRegistor/node_modules/gulp-util/package.json
43 verbose installManyTop reading scoped package data from /Users/kai/VisitorRegistor/node_modules/gulp-watch/package.json
44 verbose installManyTop reading scoped package data from /Users/kai/VisitorRegistor/node_modules/jest-cli/package.json
45 verbose installManyTop reading scoped package data from /Users/kai/VisitorRegistor/node_modules/jquery/package.json
46 verbose installManyTop reading scoped package data from /Users/kai/VisitorRegistor/node_modules/keymirror/package.json
47 verbose installManyTop reading scoped package data from /Users/kai/VisitorRegistor/node_modules/map-stream/package.json
48 verbose installManyTop reading scoped package data from /Users/kai/VisitorRegistor/node_modules/mongoose/package.json
49 verbose installManyTop reading scoped package data from /Users/kai/VisitorRegistor/node_modules/morgan/package.json
50 verbose installManyTop reading scoped package data from /Users/kai/VisitorRegistor/node_modules/object-assign/package.json
51 verbose installManyTop reading scoped package data from /Users/kai/VisitorRegistor/node_modules/react/package.json
52 verbose installManyTop reading scoped package data from /Users/kai/VisitorRegistor/node_modules/react-addons/package.json
53 verbose installManyTop reading scoped package data from /Users/kai/VisitorRegistor/node_modules/react-addons-linked-state-mixin/package.json
54 verbose installManyTop reading scoped package data from /Users/kai/VisitorRegistor/node_modules/react-textarea-autosize/package.json
55 verbose installManyTop reading scoped package data from /Users/kai/VisitorRegistor/node_modules/reactify/package.json
56 verbose installManyTop reading scoped package data from /Users/kai/VisitorRegistor/node_modules/request/package.json
57 verbose installManyTop reading scoped package data from /Users/kai/VisitorRegistor/node_modules/require-dot-file/package.json
58 verbose installManyTop reading scoped package data from /Users/kai/VisitorRegistor/node_modules/run-sequence/package.json
59 verbose installManyTop reading scoped package data from /Users/kai/VisitorRegistor/node_modules/semantic-ui/package.json
60 verbose installManyTop reading scoped package data from /Users/kai/VisitorRegistor/node_modules/superagent/package.json
61 verbose installManyTop reading scoped package data from /Users/kai/VisitorRegistor/node_modules/uglify-js/package.json
62 verbose installManyTop reading scoped package data from /Users/kai/VisitorRegistor/node_modules/watchify/package.json
63 verbose installManyTop reading scoped package data from /Users/kai/VisitorRegistor/node_modules/yamljs/package.json
64 info package.json better-console@0.2.4 license should be a valid SPDX license expression
65 info package.json gulp-clone@1.0.0 No license field.
66 info package.json gulp-concat-css@2.2.0 No license field.
67 info package.json gulp-copy@0.0.2 No license field.
68 info package.json gulp-minify-css@1.2.4 No repository field.
69 info package.json gulp-notify@2.2.0 No license field.
70 info package.json gulp-rename@1.2.2 No license field.
71 info package.json superagent@0.21.0 No license field.
72 info package.json keymirror@0.1.1 No license field.
73 info package.json react-addons@0.9.1-deprecated No license field.
74 info package.json uglify-js@2.4.24 license should be a valid SPDX license expression
75 verbose readDependencies loading dependencies from /Users/kai/VisitorRegistor/package.json
76 verbose targetResolver reading package data from /Users/kai/VisitorRegistor/node_modules/better-console/package.json
77 verbose targetResolver reading package data from /Users/kai/VisitorRegistor/node_modules/body-parser/package.json
78 verbose targetResolver reading package data from /Users/kai/VisitorRegistor/node_modules/browserify/package.json
79 verbose targetResolver reading package data from /Users/kai/VisitorRegistor/node_modules/classnames/package.json
80 verbose targetResolver reading package data from /Users/kai/VisitorRegistor/node_modules/del/package.json
81 verbose targetResolver reading package data from /Users/kai/VisitorRegistor/node_modules/envify/package.json
82 verbose targetResolver reading package data from /Users/kai/VisitorRegistor/node_modules/es6-promise/package.json
83 verbose targetResolver reading package data from /Users/kai/VisitorRegistor/node_modules/express/package.json
84 verbose targetResolver reading package data from /Users/kai/VisitorRegistor/node_modules/extend/package.json
85 verbose targetResolver reading package data from /Users/kai/VisitorRegistor/node_modules/flux/package.json
86 verbose targetResolver reading package data from /Users/kai/VisitorRegistor/node_modules/formsy-react/package.json
87 verbose targetResolver reading package data from /Users/kai/VisitorRegistor/node_modules/gulp/package.json
88 verbose targetResolver reading package data from /Users/kai/VisitorRegistor/node_modules/gulp-autoprefixer/package.json
89 verbose targetResolver reading package data from /Users/kai/VisitorRegistor/node_modules/gulp-chmod/package.json
90 verbose targetResolver reading package data from /Users/kai/VisitorRegistor/node_modules/gulp-clone/package.json
91 verbose targetResolver reading package data from /Users/kai/VisitorRegistor/node_modules/gulp-concat/package.json
92 verbose targetResolver reading package data from /Users/kai/VisitorRegistor/node_modules/gulp-concat-css/package.json
93 verbose targetResolver reading package data from /Users/kai/VisitorRegistor/node_modules/gulp-copy/package.json
94 verbose targetResolver reading package data from /Users/kai/VisitorRegistor/node_modules/gulp-dedupe/package.json
95 verbose targetResolver reading package data from /Users/kai/VisitorRegistor/node_modules/gulp-flatten/package.json
96 verbose targetResolver reading package data from /Users/kai/VisitorRegistor/node_modules/gulp-header/package.json
97 verbose targetResolver reading package data from /Users/kai/VisitorRegistor/node_modules/gulp-help/package.json
98 verbose targetResolver reading package data from /Users/kai/VisitorRegistor/node_modules/gulp-if/package.json
99 verbose targetResolver reading package data from /Users/kai/VisitorRegistor/node_modules/gulp-less/package.json
100 verbose targetResolver reading package data from /Users/kai/VisitorRegistor/node_modules/gulp-minify-css/package.json
101 verbose targetResolver reading package data from /Users/kai/VisitorRegistor/node_modules/gulp-notify/package.json
102 verbose targetResolver reading package data from /Users/kai/VisitorRegistor/node_modules/gulp-plumber/package.json
103 verbose targetResolver reading package data from /Users/kai/VisitorRegistor/node_modules/gulp-print/package.json
104 verbose targetResolver reading package data from /Users/kai/VisitorRegistor/node_modules/gulp-rename/package.json
105 verbose targetResolver reading package data from /Users/kai/VisitorRegistor/node_modules/gulp-replace/package.json
106 verbose targetResolver reading package data from /Users/kai/VisitorRegistor/node_modules/gulp-rtlcss/package.json
107 verbose targetResolver reading package data from /Users/kai/VisitorRegistor/node_modules/gulp-uglify/package.json
108 verbose targetResolver reading package data from /Users/kai/VisitorRegistor/node_modules/gulp-util/package.json
109 verbose targetResolver reading package data from /Users/kai/VisitorRegistor/node_modules/gulp-watch/package.json
110 verbose targetResolver reading package data from /Users/kai/VisitorRegistor/node_modules/jest-cli/package.json
111 verbose targetResolver reading package data from /Users/kai/VisitorRegistor/node_modules/jquery/package.json
112 verbose targetResolver reading package data from /Users/kai/VisitorRegistor/node_modules/keymirror/package.json
113 verbose targetResolver reading package data from /Users/kai/VisitorRegistor/node_modules/map-stream/package.json
114 verbose targetResolver reading package data from /Users/kai/VisitorRegistor/node_modules/mongoose/package.json
115 verbose targetResolver reading package data from /Users/kai/VisitorRegistor/node_modules/morgan/package.json
116 verbose targetResolver reading package data from /Users/kai/VisitorRegistor/node_modules/object-assign/package.json
117 verbose targetResolver reading package data from /Users/kai/VisitorRegistor/node_modules/react/package.json
118 verbose targetResolver reading package data from /Users/kai/VisitorRegistor/node_modules/react-addons/package.json
119 verbose targetResolver reading package data from /Users/kai/VisitorRegistor/node_modules/react-addons-linked-state-mixin/package.json
120 verbose targetResolver reading package data from /Users/kai/VisitorRegistor/node_modules/react-textarea-autosize/package.json
121 verbose targetResolver reading package data from /Users/kai/VisitorRegistor/node_modules/reactify/package.json
122 verbose targetResolver reading package data from /Users/kai/VisitorRegistor/node_modules/request/package.json
123 verbose targetResolver reading package data from /Users/kai/VisitorRegistor/node_modules/require-dot-file/package.json
124 verbose targetResolver reading package data from /Users/kai/VisitorRegistor/node_modules/run-sequence/package.json
125 verbose targetResolver reading package data from /Users/kai/VisitorRegistor/node_modules/semantic-ui/package.json
126 verbose targetResolver reading package data from /Users/kai/VisitorRegistor/node_modules/superagent/package.json
127 verbose targetResolver reading package data from /Users/kai/VisitorRegistor/node_modules/uglify-js/package.json
128 verbose targetResolver reading package data from /Users/kai/VisitorRegistor/node_modules/watchify/package.json
129 verbose targetResolver reading package data from /Users/kai/VisitorRegistor/node_modules/yamljs/package.json
130 verbose targetResolver reading package data from /Users/kai/VisitorRegistor/node_modules/.bin/browserify/package.json
131 verbose targetResolver reading package data from /Users/kai/VisitorRegistor/node_modules/.bin/envify/package.json
132 verbose targetResolver reading package data from /Users/kai/VisitorRegistor/node_modules/.bin/gulp/package.json
133 verbose targetResolver reading package data from /Users/kai/VisitorRegistor/node_modules/.bin/jest/package.json
134 verbose targetResolver reading package data from /Users/kai/VisitorRegistor/node_modules/.bin/json2yaml/package.json
135 verbose targetResolver reading package data from /Users/kai/VisitorRegistor/node_modules/.bin/uglifyjs/package.json
136 verbose targetResolver reading package data from /Users/kai/VisitorRegistor/node_modules/.bin/watchify/package.json
137 verbose targetResolver reading package data from /Users/kai/VisitorRegistor/node_modules/.bin/yaml2json/package.json
138 verbose already installed skipping gulp-concat@^2.6.0 /Users/kai/VisitorRegistor
139 verbose already installed skipping gulp-concat-css@^2.2.0 /Users/kai/VisitorRegistor
140 verbose already installed skipping gulp-copy@0.0.2 /Users/kai/VisitorRegistor
141 verbose already installed skipping gulp-dedupe@0.0.2 /Users/kai/VisitorRegistor
142 verbose already installed skipping gulp-flatten@^0.2.0 /Users/kai/VisitorRegistor
143 verbose already installed skipping gulp-header@^1.8.2 /Users/kai/VisitorRegistor
144 verbose already installed skipping gulp-help@^1.6.1 /Users/kai/VisitorRegistor
145 verbose already installed skipping gulp-if@^2.0.1 /Users/kai/VisitorRegistor
146 verbose already installed skipping gulp-less@^3.1.0 /Users/kai/VisitorRegistor
147 verbose already installed skipping gulp-minify-css@^1.2.4 /Users/kai/VisitorRegistor
148 verbose already installed skipping gulp-notify@^2.2.0 /Users/kai/VisitorRegistor
149 verbose already installed skipping gulp-plumber@^1.1.0 /Users/kai/VisitorRegistor
150 verbose already installed skipping gulp-print@^2.0.1 /Users/kai/VisitorRegistor
151 verbose already installed skipping gulp-rename@^1.2.2 /Users/kai/VisitorRegistor
152 verbose already installed skipping gulp-replace@^0.5.4 /Users/kai/VisitorRegistor
153 verbose already installed skipping gulp-rtlcss@^1.0.0 /Users/kai/VisitorRegistor
154 verbose already installed skipping gulp-uglify@^1.5.3 /Users/kai/VisitorRegistor
155 verbose already installed skipping gulp-util@^3.0.7 /Users/kai/VisitorRegistor
156 verbose already installed skipping gulp-watch@^4.3.5 /Users/kai/VisitorRegistor
157 verbose already installed skipping keymirror@~0.1.0 /Users/kai/VisitorRegistor
158 verbose already installed skipping map-stream@0.0.6 /Users/kai/VisitorRegistor
159 verbose already installed skipping object-assign@^1.0.0 /Users/kai/VisitorRegistor
160 verbose already installed skipping react@^0.14.0 /Users/kai/VisitorRegistor
161 silly cache add args [ 'react-addons-linked-state-mixin@^14.0.0', null ]
162 verbose cache add spec react-addons-linked-state-mixin@^14.0.0
163 silly cache add parsed spec Result {
163 silly cache add   raw: 'react-addons-linked-state-mixin@^14.0.0',
163 silly cache add   scope: null,
163 silly cache add   name: 'react-addons-linked-state-mixin',
163 silly cache add   rawSpec: '^14.0.0',
163 silly cache add   spec: '>=14.0.0 <15.0.0',
163 silly cache add   type: 'range' }
164 silly addNamed react-addons-linked-state-mixin@>=14.0.0 <15.0.0
165 verbose addNamed ">=14.0.0 <15.0.0" is a valid semver range for react-addons-linked-state-mixin
166 silly addNameRange { name: 'react-addons-linked-state-mixin',
166 silly addNameRange   range: '>=14.0.0 <15.0.0',
166 silly addNameRange   hasData: false }
167 silly mapToRegistry name react-addons-linked-state-mixin
168 silly mapToRegistry using default registry
169 silly mapToRegistry registry https://registry.npmjs.org/
170 silly mapToRegistry data Result {
170 silly mapToRegistry   raw: 'react-addons-linked-state-mixin',
170 silly mapToRegistry   scope: null,
170 silly mapToRegistry   name: 'react-addons-linked-state-mixin',
170 silly mapToRegistry   rawSpec: '',
170 silly mapToRegistry   spec: 'latest',
170 silly mapToRegistry   type: 'tag' }
171 silly mapToRegistry uri https://registry.npmjs.org/react-addons-linked-state-mixin
172 verbose addNameRange registry:https://registry.npmjs.org/react-addons-linked-state-mixin not in flight; fetching
173 verbose already installed skipping react-textarea-autosize@^4.0.1 /Users/kai/VisitorRegistor
174 verbose already installed skipping require-dot-file@^0.4.0 /Users/kai/VisitorRegistor
175 verbose already installed skipping run-sequence@^1.1.5 /Users/kai/VisitorRegistor
176 verbose already installed skipping semantic-ui@^2.1.8 /Users/kai/VisitorRegistor
177 verbose already installed skipping mongoose@^4.2.5 /Users/kai/VisitorRegistor
178 verbose already installed skipping yamljs@^0.2.7 /Users/kai/VisitorRegistor
179 verbose already installed skipping browserify@^6.2.0 /Users/kai/VisitorRegistor
180 verbose already installed skipping envify@^3.0.0 /Users/kai/VisitorRegistor
181 verbose already installed skipping jest-cli@^0.4.3 /Users/kai/VisitorRegistor
182 verbose already installed skipping reactify@^0.15.2 /Users/kai/VisitorRegistor
183 verbose already installed skipping uglify-js@~2.4.15 /Users/kai/VisitorRegistor
184 verbose already installed skipping watchify@^2.1.1 /Users/kai/VisitorRegistor
185 verbose already installed skipping better-console@^0.2.4 /Users/kai/VisitorRegistor
186 verbose already installed skipping classnames@^2.1.3 /Users/kai/VisitorRegistor
187 verbose already installed skipping del@^2.2.0 /Users/kai/VisitorRegistor
188 verbose already installed skipping extend@^3.0.0 /Users/kai/VisitorRegistor
189 verbose already installed skipping flux@^2.0.1 /Users/kai/VisitorRegistor
190 verbose already installed skipping express@^4.13.3 /Users/kai/VisitorRegistor
191 verbose already installed skipping morgan@^1.6.1 /Users/kai/VisitorRegistor
192 verbose already installed skipping request@^2.65.0 /Users/kai/VisitorRegistor
193 verbose already installed skipping es6-promise@^2.0.1 /Users/kai/VisitorRegistor
194 verbose request uri https://registry.npmjs.org/react-addons-linked-state-mixin
195 verbose request no auth needed
196 info attempt registry request try #1 at 9:42:27 AM
197 verbose request id 421d9f5a46cdcae4
198 verbose etag "4XTJ2T9E43TTSKVUO3LVHEVXL"
199 http request GET https://registry.npmjs.org/react-addons-linked-state-mixin
200 verbose already installed skipping superagent@^0.21.0 /Users/kai/VisitorRegistor
201 verbose already installed skipping body-parser@^1.14.1 /Users/kai/VisitorRegistor
202 verbose already installed skipping formsy-react@^0.18.0 /Users/kai/VisitorRegistor
203 verbose already installed skipping gulp@^3.9.1 /Users/kai/VisitorRegistor
204 verbose already installed skipping gulp-autoprefixer@^3.1.0 /Users/kai/VisitorRegistor
205 verbose already installed skipping gulp-chmod@^1.3.0 /Users/kai/VisitorRegistor
206 verbose already installed skipping gulp-clone@^1.0.0 /Users/kai/VisitorRegistor
207 http 304 https://registry.npmjs.org/react-addons-linked-state-mixin
208 verbose headers { date: 'Wed, 18 May 2016 01:42:29 GMT',
208 verbose headers   via: '1.1 varnish',
208 verbose headers   'cache-control': 'max-age=300',
208 verbose headers   etag: '"4XTJ2T9E43TTSKVUO3LVHEVXL"',
208 verbose headers   age: '107',
208 verbose headers   connection: 'keep-alive',
208 verbose headers   'x-served-by': 'cache-nrt6122-NRT',
208 verbose headers   'x-cache': 'HIT',
208 verbose headers   'x-cache-hits': '1',
208 verbose headers   'x-timer': 'S1463535749.777388,VS0,VE0',
208 verbose headers   vary: 'Accept-Encoding' }
209 silly get cb [ 304,
209 silly get   { date: 'Wed, 18 May 2016 01:42:29 GMT',
209 silly get     via: '1.1 varnish',
209 silly get     'cache-control': 'max-age=300',
209 silly get     etag: '"4XTJ2T9E43TTSKVUO3LVHEVXL"',
209 silly get     age: '107',
209 silly get     connection: 'keep-alive',
209 silly get     'x-served-by': 'cache-nrt6122-NRT',
209 silly get     'x-cache': 'HIT',
209 silly get     'x-cache-hits': '1',
209 silly get     'x-timer': 'S1463535749.777388,VS0,VE0',
209 silly get     vary: 'Accept-Encoding' } ]
210 verbose etag https://registry.npmjs.org/react-addons-linked-state-mixin from cache
211 verbose get saving react-addons-linked-state-mixin to /Users/kai/.npm/registry.npmjs.org/react-addons-linked-state-mixin/.cache.json
212 verbose correctMkdir /Users/kai/.npm correctMkdir not in flight; initializing
213 silly addNameRange number 2 { name: 'react-addons-linked-state-mixin',
213 silly addNameRange   range: '>=14.0.0 <15.0.0',
213 silly addNameRange   hasData: true }
214 silly addNameRange versions [ 'react-addons-linked-state-mixin',
214 silly addNameRange   [ '0.14.0-beta1',
214 silly addNameRange     '0.14.0-beta2',
214 silly addNameRange     '0.14.0-beta3',
214 silly addNameRange     '0.14.0-rc1',
214 silly addNameRange     '0.14.0',
214 silly addNameRange     '0.14.1',
214 silly addNameRange     '0.14.2',
214 silly addNameRange     '0.14.3',
214 silly addNameRange     '0.14.4',
214 silly addNameRange     '0.14.5',
214 silly addNameRange     '0.14.6',
214 silly addNameRange     '0.15.0-alpha.1',
214 silly addNameRange     '0.14.7',
214 silly addNameRange     '15.0.0-rc.1',
214 silly addNameRange     '15.0.0-rc.2',
214 silly addNameRange     '0.14.8',
214 silly addNameRange     '15.0.0',
214 silly addNameRange     '15.0.1',
214 silly addNameRange     '15.0.2-alpha.1',
214 silly addNameRange     '15.0.2-alpha.2',
214 silly addNameRange     '15.0.2-alpha.3',
214 silly addNameRange     '15.0.2-alpha.4',
214 silly addNameRange     '15.0.2',
214 silly addNameRange     '15.0.3-alpha.1',
214 silly addNameRange     '15.0.3-alpha.2',
214 silly addNameRange     '15.1.0-alpha.1' ] ]
215 verbose stack Error: No compatible version found: react-addons-linked-state-mixin@'>=14.0.0 <15.0.0'
215 verbose stack Valid install targets:
215 verbose stack ["0.14.0-beta1","0.14.0-beta2","0.14.0-beta3","0.14.0-rc1","0.14.0","0.14.1","0.14.2","0.14.3","0.14.4","0.14.5","0.14.6","0.15.0-alpha.1","0.14.7","15.0.0-rc.1","15.0.0-rc.2","0.14.8","15.0.0","15.0.1","15.0.2-alpha.1","15.0.2-alpha.2","15.0.2-alpha.3","15.0.2-alpha.4","15.0.2","15.0.3-alpha.1","15.0.3-alpha.2","15.1.0-alpha.1"]
215 verbose stack
215 verbose stack     at installTargetsError (/usr/local/lib/node_modules/npm/lib/cache/add-named.js:284:12)
215 verbose stack     at next (/usr/local/lib/node_modules/npm/lib/cache/add-named.js:262:19)
215 verbose stack     at setData (/usr/local/lib/node_modules/npm/lib/cache/add-named.js:236:5)
215 verbose stack     at RES (/usr/local/lib/node_modules/npm/node_modules/inflight/inflight.js:23:14)
215 verbose stack     at f (/usr/local/lib/node_modules/npm/node_modules/once/once.js:17:25)
215 verbose stack     at fixName (/usr/local/lib/node_modules/npm/lib/cache/add-named.js:29:5)
215 verbose stack     at saved (/usr/local/lib/node_modules/npm/lib/cache/caching-client.js:173:7)
215 verbose stack     at /usr/local/lib/node_modules/npm/node_modules/graceful-fs/polyfills.js:210:7
215 verbose stack     at FSReqWrap.oncomplete (fs.js:82:15)
216 verbose cwd /Users/kai/VisitorRegistor
217 error Darwin 14.5.0
218 error argv "/usr/local/bin/node" "/usr/local/bin/npm" "install"
219 error node v4.4.3
220 error npm  v2.15.1
221 error code ETARGET
222 error notarget No compatible version found: react-addons-linked-state-mixin@'>=14.0.0 <15.0.0'
222 error notarget Valid install targets:
222 error notarget ["0.14.0-beta1","0.14.0-beta2","0.14.0-beta3","0.14.0-rc1","0.14.0","0.14.1","0.14.2","0.14.3","0.14.4","0.14.5","0.14.6","0.15.0-alpha.1","0.14.7","15.0.0-rc.1","15.0.0-rc.2","0.14.8","15.0.0","15.0.1","15.0.2-alpha.1","15.0.2-alpha.2","15.0.2-alpha.3","15.0.2-alpha.4","15.0.2","15.0.3-alpha.1","15.0.3-alpha.2","15.1.0-alpha.1"]
222 error notarget
222 error notarget This is most likely not a problem with npm itself.
222 error notarget In most cases you or one of your dependencies are requesting
222 error notarget a package version that doesn't exist.
222 error notarget
222 error notarget It was specified as a dependency of 'todomvc-flux'
223 verbose exit [ 1, true ]
